<?xml version="1.0" encoding="UTF-8"?>
<testsuite xmlns:xsi="http://www.w3.org/2001/XMLSchema-instance" xsi:noNamespaceSchemaLocation="https://maven.apache.org/surefire/maven-surefire-plugin/xsd/surefire-test-report.xsd" name="asia.curtis.dao.BookDaoTest" time="7.952" tests="7" errors="0" skipped="0" failures="0">
  <properties>
    <property name="sun.desktop" value="windows"/>
    <property name="awt.toolkit" value="sun.awt.windows.WToolkit"/>
    <property name="file.encoding.pkg" value="sun.io"/>
    <property name="java.specification.version" value="1.8"/>
    <property name="sun.cpu.isalist" value="amd64"/>
    <property name="sun.jnu.encoding" value="GBK"/>
    <property name="java.class.path" value="C:\Users\ROG\Desktop\CurtisAsia_Book\target\test-classes;C:\Users\ROG\Desktop\CurtisAsia_Book\target\classes;E:\java_env\.m2\repository\org\springframework\boot\spring-boot-starter-web\2.6.3\spring-boot-starter-web-2.6.3.jar;E:\java_env\.m2\repository\org\springframework\boot\spring-boot-starter\2.6.3\spring-boot-starter-2.6.3.jar;E:\java_env\.m2\repository\org\springframework\boot\spring-boot-starter-logging\2.6.3\spring-boot-starter-logging-2.6.3.jar;E:\java_env\.m2\repository\ch\qos\logback\logback-classic\1.2.10\logback-classic-1.2.10.jar;E:\java_env\.m2\repository\ch\qos\logback\logback-core\1.2.10\logback-core-1.2.10.jar;E:\java_env\.m2\repository\org\apache\logging\log4j\log4j-to-slf4j\2.17.1\log4j-to-slf4j-2.17.1.jar;E:\java_env\.m2\repository\org\apache\logging\log4j\log4j-api\2.17.1\log4j-api-2.17.1.jar;E:\java_env\.m2\repository\org\slf4j\jul-to-slf4j\1.7.33\jul-to-slf4j-1.7.33.jar;E:\java_env\.m2\repository\jakarta\annotation\jakarta.annotation-api\1.3.5\jakarta.annotation-api-1.3.5.jar;E:\java_env\.m2\repository\org\yaml\snakeyaml\1.29\snakeyaml-1.29.jar;E:\java_env\.m2\repository\org\springframework\boot\spring-boot-starter-json\2.6.3\spring-boot-starter-json-2.6.3.jar;E:\java_env\.m2\repository\com\fasterxml\jackson\core\jackson-databind\2.13.1\jackson-databind-2.13.1.jar;E:\java_env\.m2\repository\com\fasterxml\jackson\core\jackson-annotations\2.13.1\jackson-annotations-2.13.1.jar;E:\java_env\.m2\repository\com\fasterxml\jackson\core\jackson-core\2.13.1\jackson-core-2.13.1.jar;E:\java_env\.m2\repository\com\fasterxml\jackson\datatype\jackson-datatype-jdk8\2.13.1\jackson-datatype-jdk8-2.13.1.jar;E:\java_env\.m2\repository\com\fasterxml\jackson\datatype\jackson-datatype-jsr310\2.13.1\jackson-datatype-jsr310-2.13.1.jar;E:\java_env\.m2\repository\com\fasterxml\jackson\module\jackson-module-parameter-names\2.13.1\jackson-module-parameter-names-2.13.1.jar;E:\java_env\.m2\repository\org\springframework\boot\spring-boot-starter-tomcat\2.6.3\spring-boot-starter-tomcat-2.6.3.jar;E:\java_env\.m2\repository\org\apache\tomcat\embed\tomcat-embed-core\9.0.56\tomcat-embed-core-9.0.56.jar;E:\java_env\.m2\repository\org\apache\tomcat\embed\tomcat-embed-el\9.0.56\tomcat-embed-el-9.0.56.jar;E:\java_env\.m2\repository\org\apache\tomcat\embed\tomcat-embed-websocket\9.0.56\tomcat-embed-websocket-9.0.56.jar;E:\java_env\.m2\repository\org\springframework\spring-web\5.3.15\spring-web-5.3.15.jar;E:\java_env\.m2\repository\org\springframework\spring-beans\5.3.15\spring-beans-5.3.15.jar;E:\java_env\.m2\repository\org\springframework\spring-webmvc\5.3.15\spring-webmvc-5.3.15.jar;E:\java_env\.m2\repository\org\springframework\spring-aop\5.3.15\spring-aop-5.3.15.jar;E:\java_env\.m2\repository\org\springframework\spring-context\5.3.15\spring-context-5.3.15.jar;E:\java_env\.m2\repository\org\springframework\spring-expression\5.3.15\spring-expression-5.3.15.jar;E:\java_env\.m2\repository\com\baomidou\mybatis-plus-boot-starter\3.5.0\mybatis-plus-boot-starter-3.5.0.jar;E:\java_env\.m2\repository\com\baomidou\mybatis-plus\3.5.0\mybatis-plus-3.5.0.jar;E:\java_env\.m2\repository\com\baomidou\mybatis-plus-extension\3.5.0\mybatis-plus-extension-3.5.0.jar;E:\java_env\.m2\repository\com\baomidou\mybatis-plus-core\3.5.0\mybatis-plus-core-3.5.0.jar;E:\java_env\.m2\repository\com\baomidou\mybatis-plus-annotation\3.5.0\mybatis-plus-annotation-3.5.0.jar;E:\java_env\.m2\repository\com\github\jsqlparser\jsqlparser\4.3\jsqlparser-4.3.jar;E:\java_env\.m2\repository\org\mybatis\mybatis\3.5.9\mybatis-3.5.9.jar;E:\java_env\.m2\repository\org\mybatis\mybatis-spring\2.0.6\mybatis-spring-2.0.6.jar;E:\java_env\.m2\repository\org\springframework\boot\spring-boot-autoconfigure\2.6.3\spring-boot-autoconfigure-2.6.3.jar;E:\java_env\.m2\repository\org\springframework\boot\spring-boot-starter-jdbc\2.6.3\spring-boot-starter-jdbc-2.6.3.jar;E:\java_env\.m2\repository\com\zaxxer\HikariCP\4.0.3\HikariCP-4.0.3.jar;E:\java_env\.m2\repository\org\springframework\spring-jdbc\5.3.15\spring-jdbc-5.3.15.jar;E:\java_env\.m2\repository\org\springframework\spring-tx\5.3.15\spring-tx-5.3.15.jar;E:\java_env\.m2\repository\com\alibaba\druid-spring-boot-starter\1.2.8\druid-spring-boot-starter-1.2.8.jar;E:\java_env\.m2\repository\com\alibaba\druid\1.2.8\druid-1.2.8.jar;E:\java_env\.m2\repository\org\slf4j\slf4j-api\1.7.33\slf4j-api-1.7.33.jar;E:\java_env\.m2\repository\mysql\mysql-connector-java\8.0.28\mysql-connector-java-8.0.28.jar;E:\java_env\.m2\repository\org\springframework\boot\spring-boot-starter-test\2.6.3\spring-boot-starter-test-2.6.3.jar;E:\java_env\.m2\repository\org\springframework\boot\spring-boot-test\2.6.3\spring-boot-test-2.6.3.jar;E:\java_env\.m2\repository\org\springframework\boot\spring-boot-test-autoconfigure\2.6.3\spring-boot-test-autoconfigure-2.6.3.jar;E:\java_env\.m2\repository\com\jayway\jsonpath\json-path\2.6.0\json-path-2.6.0.jar;E:\java_env\.m2\repository\net\minidev\json-smart\2.4.7\json-smart-2.4.7.jar;E:\java_env\.m2\repository\net\minidev\accessors-smart\2.4.7\accessors-smart-2.4.7.jar;E:\java_env\.m2\repository\org\ow2\asm\asm\9.1\asm-9.1.jar;E:\java_env\.m2\repository\jakarta\xml\bind\jakarta.xml.bind-api\2.3.3\jakarta.xml.bind-api-2.3.3.jar;E:\java_env\.m2\repository\jakarta\activation\jakarta.activation-api\1.2.2\jakarta.activation-api-1.2.2.jar;E:\java_env\.m2\repository\org\assertj\assertj-core\3.21.0\assertj-core-3.21.0.jar;E:\java_env\.m2\repository\org\hamcrest\hamcrest\2.2\hamcrest-2.2.jar;E:\java_env\.m2\repository\org\junit\jupiter\junit-jupiter\5.8.2\junit-jupiter-5.8.2.jar;E:\java_env\.m2\repository\org\junit\jupiter\junit-jupiter-api\5.8.2\junit-jupiter-api-5.8.2.jar;E:\java_env\.m2\repository\org\opentest4j\opentest4j\1.2.0\opentest4j-1.2.0.jar;E:\java_env\.m2\repository\org\junit\platform\junit-platform-commons\1.8.2\junit-platform-commons-1.8.2.jar;E:\java_env\.m2\repository\org\apiguardian\apiguardian-api\1.1.2\apiguardian-api-1.1.2.jar;E:\java_env\.m2\repository\org\junit\jupiter\junit-jupiter-params\5.8.2\junit-jupiter-params-5.8.2.jar;E:\java_env\.m2\repository\org\junit\jupiter\junit-jupiter-engine\5.8.2\junit-jupiter-engine-5.8.2.jar;E:\java_env\.m2\repository\org\junit\platform\junit-platform-engine\1.8.2\junit-platform-engine-1.8.2.jar;E:\java_env\.m2\repository\org\mockito\mockito-core\4.0.0\mockito-core-4.0.0.jar;E:\java_env\.m2\repository\net\bytebuddy\byte-buddy\1.11.22\byte-buddy-1.11.22.jar;E:\java_env\.m2\repository\net\bytebuddy\byte-buddy-agent\1.11.22\byte-buddy-agent-1.11.22.jar;E:\java_env\.m2\repository\org\objenesis\objenesis\3.2\objenesis-3.2.jar;E:\java_env\.m2\repository\org\mockito\mockito-junit-jupiter\4.0.0\mockito-junit-jupiter-4.0.0.jar;E:\java_env\.m2\repository\org\skyscreamer\jsonassert\1.5.0\jsonassert-1.5.0.jar;E:\java_env\.m2\repository\com\vaadin\external\google\android-json\0.0.20131108.vaadin1\android-json-0.0.20131108.vaadin1.jar;E:\java_env\.m2\repository\org\springframework\spring-core\5.3.15\spring-core-5.3.15.jar;E:\java_env\.m2\repository\org\springframework\spring-jcl\5.3.15\spring-jcl-5.3.15.jar;E:\java_env\.m2\repository\org\springframework\spring-test\5.3.15\spring-test-5.3.15.jar;E:\java_env\.m2\repository\org\xmlunit\xmlunit-core\2.8.4\xmlunit-core-2.8.4.jar;E:\java_env\.m2\repository\org\projectlombok\lombok\1.18.22\lombok-1.18.22.jar;E:\java_env\.m2\repository\org\springframework\boot\spring-boot-devtools\2.6.3\spring-boot-devtools-2.6.3.jar;E:\java_env\.m2\repository\org\springframework\boot\spring-boot\2.6.3\spring-boot-2.6.3.jar;"/>
    <property name="java.vm.vendor" value="Oracle Corporation"/>
    <property name="sun.arch.data.model" value="64"/>
    <property name="user.variant" value=""/>
    <property name="java.vendor.url" value="http://java.oracle.com/"/>
    <property name="user.timezone" value="Asia/Shanghai"/>
    <property name="java.vm.specification.version" value="1.8"/>
    <property name="os.name" value="Windows 10"/>
    <property name="user.country" value="CN"/>
    <property name="sun.java.launcher" value="SUN_STANDARD"/>
    <property name="sun.boot.library.path" value="C:\Program Files\Java\jdk1.8.0_131\jre\bin"/>
    <property name="sun.java.command" value="C:\Users\ROG\AppData\Local\Temp\surefire9134681546903322194\surefirebooter5869883284976790293.jar C:\Users\ROG\AppData\Local\Temp\surefire9134681546903322194 2022-02-21T23-54-10_478-jvmRun1 surefire1549749605005292975tmp surefire_08062928279144842472tmp"/>
    <property name="surefire.test.class.path" value="C:\Users\ROG\Desktop\CurtisAsia_Book\target\test-classes;C:\Users\ROG\Desktop\CurtisAsia_Book\target\classes;E:\java_env\.m2\repository\org\springframework\boot\spring-boot-starter-web\2.6.3\spring-boot-starter-web-2.6.3.jar;E:\java_env\.m2\repository\org\springframework\boot\spring-boot-starter\2.6.3\spring-boot-starter-2.6.3.jar;E:\java_env\.m2\repository\org\springframework\boot\spring-boot-starter-logging\2.6.3\spring-boot-starter-logging-2.6.3.jar;E:\java_env\.m2\repository\ch\qos\logback\logback-classic\1.2.10\logback-classic-1.2.10.jar;E:\java_env\.m2\repository\ch\qos\logback\logback-core\1.2.10\logback-core-1.2.10.jar;E:\java_env\.m2\repository\org\apache\logging\log4j\log4j-to-slf4j\2.17.1\log4j-to-slf4j-2.17.1.jar;E:\java_env\.m2\repository\org\apache\logging\log4j\log4j-api\2.17.1\log4j-api-2.17.1.jar;E:\java_env\.m2\repository\org\slf4j\jul-to-slf4j\1.7.33\jul-to-slf4j-1.7.33.jar;E:\java_env\.m2\repository\jakarta\annotation\jakarta.annotation-api\1.3.5\jakarta.annotation-api-1.3.5.jar;E:\java_env\.m2\repository\org\yaml\snakeyaml\1.29\snakeyaml-1.29.jar;E:\java_env\.m2\repository\org\springframework\boot\spring-boot-starter-json\2.6.3\spring-boot-starter-json-2.6.3.jar;E:\java_env\.m2\repository\com\fasterxml\jackson\core\jackson-databind\2.13.1\jackson-databind-2.13.1.jar;E:\java_env\.m2\repository\com\fasterxml\jackson\core\jackson-annotations\2.13.1\jackson-annotations-2.13.1.jar;E:\java_env\.m2\repository\com\fasterxml\jackson\core\jackson-core\2.13.1\jackson-core-2.13.1.jar;E:\java_env\.m2\repository\com\fasterxml\jackson\datatype\jackson-datatype-jdk8\2.13.1\jackson-datatype-jdk8-2.13.1.jar;E:\java_env\.m2\repository\com\fasterxml\jackson\datatype\jackson-datatype-jsr310\2.13.1\jackson-datatype-jsr310-2.13.1.jar;E:\java_env\.m2\repository\com\fasterxml\jackson\module\jackson-module-parameter-names\2.13.1\jackson-module-parameter-names-2.13.1.jar;E:\java_env\.m2\repository\org\springframework\boot\spring-boot-starter-tomcat\2.6.3\spring-boot-starter-tomcat-2.6.3.jar;E:\java_env\.m2\repository\org\apache\tomcat\embed\tomcat-embed-core\9.0.56\tomcat-embed-core-9.0.56.jar;E:\java_env\.m2\repository\org\apache\tomcat\embed\tomcat-embed-el\9.0.56\tomcat-embed-el-9.0.56.jar;E:\java_env\.m2\repository\org\apache\tomcat\embed\tomcat-embed-websocket\9.0.56\tomcat-embed-websocket-9.0.56.jar;E:\java_env\.m2\repository\org\springframework\spring-web\5.3.15\spring-web-5.3.15.jar;E:\java_env\.m2\repository\org\springframework\spring-beans\5.3.15\spring-beans-5.3.15.jar;E:\java_env\.m2\repository\org\springframework\spring-webmvc\5.3.15\spring-webmvc-5.3.15.jar;E:\java_env\.m2\repository\org\springframework\spring-aop\5.3.15\spring-aop-5.3.15.jar;E:\java_env\.m2\repository\org\springframework\spring-context\5.3.15\spring-context-5.3.15.jar;E:\java_env\.m2\repository\org\springframework\spring-expression\5.3.15\spring-expression-5.3.15.jar;E:\java_env\.m2\repository\com\baomidou\mybatis-plus-boot-starter\3.5.0\mybatis-plus-boot-starter-3.5.0.jar;E:\java_env\.m2\repository\com\baomidou\mybatis-plus\3.5.0\mybatis-plus-3.5.0.jar;E:\java_env\.m2\repository\com\baomidou\mybatis-plus-extension\3.5.0\mybatis-plus-extension-3.5.0.jar;E:\java_env\.m2\repository\com\baomidou\mybatis-plus-core\3.5.0\mybatis-plus-core-3.5.0.jar;E:\java_env\.m2\repository\com\baomidou\mybatis-plus-annotation\3.5.0\mybatis-plus-annotation-3.5.0.jar;E:\java_env\.m2\repository\com\github\jsqlparser\jsqlparser\4.3\jsqlparser-4.3.jar;E:\java_env\.m2\repository\org\mybatis\mybatis\3.5.9\mybatis-3.5.9.jar;E:\java_env\.m2\repository\org\mybatis\mybatis-spring\2.0.6\mybatis-spring-2.0.6.jar;E:\java_env\.m2\repository\org\springframework\boot\spring-boot-autoconfigure\2.6.3\spring-boot-autoconfigure-2.6.3.jar;E:\java_env\.m2\repository\org\springframework\boot\spring-boot-starter-jdbc\2.6.3\spring-boot-starter-jdbc-2.6.3.jar;E:\java_env\.m2\repository\com\zaxxer\HikariCP\4.0.3\HikariCP-4.0.3.jar;E:\java_env\.m2\repository\org\springframework\spring-jdbc\5.3.15\spring-jdbc-5.3.15.jar;E:\java_env\.m2\repository\org\springframework\spring-tx\5.3.15\spring-tx-5.3.15.jar;E:\java_env\.m2\repository\com\alibaba\druid-spring-boot-starter\1.2.8\druid-spring-boot-starter-1.2.8.jar;E:\java_env\.m2\repository\com\alibaba\druid\1.2.8\druid-1.2.8.jar;E:\java_env\.m2\repository\org\slf4j\slf4j-api\1.7.33\slf4j-api-1.7.33.jar;E:\java_env\.m2\repository\mysql\mysql-connector-java\8.0.28\mysql-connector-java-8.0.28.jar;E:\java_env\.m2\repository\org\springframework\boot\spring-boot-starter-test\2.6.3\spring-boot-starter-test-2.6.3.jar;E:\java_env\.m2\repository\org\springframework\boot\spring-boot-test\2.6.3\spring-boot-test-2.6.3.jar;E:\java_env\.m2\repository\org\springframework\boot\spring-boot-test-autoconfigure\2.6.3\spring-boot-test-autoconfigure-2.6.3.jar;E:\java_env\.m2\repository\com\jayway\jsonpath\json-path\2.6.0\json-path-2.6.0.jar;E:\java_env\.m2\repository\net\minidev\json-smart\2.4.7\json-smart-2.4.7.jar;E:\java_env\.m2\repository\net\minidev\accessors-smart\2.4.7\accessors-smart-2.4.7.jar;E:\java_env\.m2\repository\org\ow2\asm\asm\9.1\asm-9.1.jar;E:\java_env\.m2\repository\jakarta\xml\bind\jakarta.xml.bind-api\2.3.3\jakarta.xml.bind-api-2.3.3.jar;E:\java_env\.m2\repository\jakarta\activation\jakarta.activation-api\1.2.2\jakarta.activation-api-1.2.2.jar;E:\java_env\.m2\repository\org\assertj\assertj-core\3.21.0\assertj-core-3.21.0.jar;E:\java_env\.m2\repository\org\hamcrest\hamcrest\2.2\hamcrest-2.2.jar;E:\java_env\.m2\repository\org\junit\jupiter\junit-jupiter\5.8.2\junit-jupiter-5.8.2.jar;E:\java_env\.m2\repository\org\junit\jupiter\junit-jupiter-api\5.8.2\junit-jupiter-api-5.8.2.jar;E:\java_env\.m2\repository\org\opentest4j\opentest4j\1.2.0\opentest4j-1.2.0.jar;E:\java_env\.m2\repository\org\junit\platform\junit-platform-commons\1.8.2\junit-platform-commons-1.8.2.jar;E:\java_env\.m2\repository\org\apiguardian\apiguardian-api\1.1.2\apiguardian-api-1.1.2.jar;E:\java_env\.m2\repository\org\junit\jupiter\junit-jupiter-params\5.8.2\junit-jupiter-params-5.8.2.jar;E:\java_env\.m2\repository\org\junit\jupiter\junit-jupiter-engine\5.8.2\junit-jupiter-engine-5.8.2.jar;E:\java_env\.m2\repository\org\junit\platform\junit-platform-engine\1.8.2\junit-platform-engine-1.8.2.jar;E:\java_env\.m2\repository\org\mockito\mockito-core\4.0.0\mockito-core-4.0.0.jar;E:\java_env\.m2\repository\net\bytebuddy\byte-buddy\1.11.22\byte-buddy-1.11.22.jar;E:\java_env\.m2\repository\net\bytebuddy\byte-buddy-agent\1.11.22\byte-buddy-agent-1.11.22.jar;E:\java_env\.m2\repository\org\objenesis\objenesis\3.2\objenesis-3.2.jar;E:\java_env\.m2\repository\org\mockito\mockito-junit-jupiter\4.0.0\mockito-junit-jupiter-4.0.0.jar;E:\java_env\.m2\repository\org\skyscreamer\jsonassert\1.5.0\jsonassert-1.5.0.jar;E:\java_env\.m2\repository\com\vaadin\external\google\android-json\0.0.20131108.vaadin1\android-json-0.0.20131108.vaadin1.jar;E:\java_env\.m2\repository\org\springframework\spring-core\5.3.15\spring-core-5.3.15.jar;E:\java_env\.m2\repository\org\springframework\spring-jcl\5.3.15\spring-jcl-5.3.15.jar;E:\java_env\.m2\repository\org\springframework\spring-test\5.3.15\spring-test-5.3.15.jar;E:\java_env\.m2\repository\org\xmlunit\xmlunit-core\2.8.4\xmlunit-core-2.8.4.jar;E:\java_env\.m2\repository\org\projectlombok\lombok\1.18.22\lombok-1.18.22.jar;E:\java_env\.m2\repository\org\springframework\boot\spring-boot-devtools\2.6.3\spring-boot-devtools-2.6.3.jar;E:\java_env\.m2\repository\org\springframework\boot\spring-boot\2.6.3\spring-boot-2.6.3.jar;"/>
    <property name="sun.cpu.endian" value="little"/>
    <property name="user.home" value="C:\Users\ROG"/>
    <property name="user.language" value="zh"/>
    <property name="java.specification.vendor" value="Oracle Corporation"/>
    <property name="java.home" value="C:\Program Files\Java\jdk1.8.0_131\jre"/>
    <property name="basedir" value="C:\Users\ROG\Desktop\CurtisAsia_Book"/>
    <property name="file.separator" value="\"/>
    <property name="line.separator" value="&#10;"/>
    <property name="java.vm.specification.vendor" value="Oracle Corporation"/>
    <property name="java.specification.name" value="Java Platform API Specification"/>
    <property name="java.awt.graphicsenv" value="sun.awt.Win32GraphicsEnvironment"/>
    <property name="surefire.real.class.path" value="C:\Users\ROG\AppData\Local\Temp\surefire9134681546903322194\surefirebooter5869883284976790293.jar"/>
    <property name="sun.boot.class.path" value="C:\Program Files\Java\jdk1.8.0_131\jre\lib\resources.jar;C:\Program Files\Java\jdk1.8.0_131\jre\lib\rt.jar;C:\Program Files\Java\jdk1.8.0_131\jre\lib\sunrsasign.jar;C:\Program Files\Java\jdk1.8.0_131\jre\lib\jsse.jar;C:\Program Files\Java\jdk1.8.0_131\jre\lib\jce.jar;C:\Program Files\Java\jdk1.8.0_131\jre\lib\charsets.jar;C:\Program Files\Java\jdk1.8.0_131\jre\lib\jfr.jar;C:\Program Files\Java\jdk1.8.0_131\jre\classes"/>
    <property name="user.script" value=""/>
    <property name="sun.management.compiler" value="HotSpot 64-Bit Tiered Compilers"/>
    <property name="java.runtime.version" value="1.8.0_131-b11"/>
    <property name="user.name" value="ROG"/>
    <property name="path.separator" value=";"/>
    <property name="os.version" value="10.0"/>
    <property name="java.endorsed.dirs" value="C:\Program Files\Java\jdk1.8.0_131\jre\lib\endorsed"/>
    <property name="java.runtime.name" value="Java(TM) SE Runtime Environment"/>
    <property name="file.encoding" value="GBK"/>
    <property name="java.vm.name" value="Java HotSpot(TM) 64-Bit Server VM"/>
    <property name="localRepository" value="E:\java_env\.m2\repository"/>
    <property name="java.vendor.url.bug" value="http://bugreport.sun.com/bugreport/"/>
    <property name="java.io.tmpdir" value="C:\Users\ROG\AppData\Local\Temp\"/>
    <property name="idea.version" value="2021.3.2"/>
    <property name="java.version" value="1.8.0_131"/>
    <property name="user.dir" value="C:\Users\ROG\Desktop\CurtisAsia_Book"/>
    <property name="os.arch" value="amd64"/>
    <property name="java.vm.specification.name" value="Java Virtual Machine Specification"/>
    <property name="java.awt.printerjob" value="sun.awt.windows.WPrinterJob"/>
    <property name="sun.os.patch.level" value=""/>
    <property name="java.library.path" value="C:\Program Files\Java\jdk1.8.0_131\jre\bin;C:\WINDOWS\Sun\Java\bin;C:\WINDOWS\system32;C:\WINDOWS;C:\Program Files (x86)\VMware\VMware Workstation\bin\;C:\ProgramData\Oracle\Java\javapath;C:\Program Files (x86)\Common Files\Oracle\Java\javapath;C:\Python39\Scripts\;C:\Python39\;C:\Program Files (x86)\Common Files\Intel\Shared Libraries\redist\ia32_win\compiler;C:\Program Files (x86)\Common Files\Intel\Shared Libraries\redist\intel64_win\compiler;C:\Program Files\NVIDIA GPU Computing Toolkit\CUDA\v11.1\bin;C:\Program Files\NVIDIA GPU Computing Toolkit\CUDA\v11.1\libnvvp;C:\Program Files (x86)\Common Files\Intel\Shared Libraries\redist\intel64_win\compiler;C:\Program Files (x86)\Common Files\Intel\Shared Libraries\redist\intel64\compiler;C:\Windows\system32;C:\Windows;C:\Windows\System32\Wbem;C:\Windows\System32\WindowsPowerShell\v1.0\;C:\Windows\System32\OpenSSH\;C:\Program Files\NVIDIA Corporation\NVIDIA NvDLISR;C:\Program Files (x86)\NVIDIA Corporation\PhysX\Common;C:\Program Files\NVIDIA Corporation\Nsight Compute 2020.2.0\;C:\ProgramData\chocolatey\bin;C:\Program Files\Microsoft VS Code\bin;C:\Program Files\Java\jre1.8.0_281\bin;C:\Program Files\Pandoc\;C:\WINDOWS\system32;C:\WINDOWS;C:\WINDOWS\System32\Wbem;C:\WINDOWS\System32\WindowsPowerShell\v1.0\;C:\WINDOWS\System32\OpenSSH\;C:\Program Files\nodejs\;C:\Program Files\dotnet\;C:\Program Files\Git\cmd;C:\Program Files (x86)\Gpg4win\..\GnuPG\bin;C:\Program Files (x86)\NetSarang\Xshell 7\;C:\Program Files\Docker\Docker\resources\bin;C:\ProgramData\DockerDesktop\version-bin;C:\Program Files (x86)\MySQL\MySQL Server 5.5\bin;C:\Users\ROG\AppData\Local\Programs\Python\Python37\Scripts\;C:\Users\ROG\AppData\Local\Programs\Python\Python37\;C:\Users\ROG\AppData\Local\Microsoft\WindowsApps;C:\Program Files (x86)\Nmap;C:\Users\ROG\AppData\Local\Programs\Fiddler;C:\Program Files\JetBrains\IntelliJ IDEA 2021.2\bin;;C:\Program Files\JetBrains\PyCharm 2021.2\bin;;C:\Program Files\JetBrains\WebStorm 2021.2\bin;;C:\Users\ROG\AppData\Local\Microsoft\WindowsApps;C:\Users\ROG\AppData\Roaming\npm;C:\Users\ROG\AppData\Local\GitHubDesktop\bin;."/>
    <property name="java.vm.info" value="mixed mode"/>
    <property name="java.vendor" value="Oracle Corporation"/>
    <property name="java.vm.version" value="25.131-b11"/>
    <property name="java.ext.dirs" value="C:\Program Files\Java\jdk1.8.0_131\jre\lib\ext;C:\WINDOWS\Sun\Java\lib\ext"/>
    <property name="sun.io.unicode.encoding" value="UnicodeLittle"/>
    <property name="java.class.version" value="52.0"/>
  </properties>
  <testcase name="testSave" classname="asia.curtis.dao.BookDaoTest" time="2.249"/>
  <testcase name="testGetById" classname="asia.curtis.dao.BookDaoTest" time="0.011"/>
  <testcase name="testGetPage" classname="asia.curtis.dao.BookDaoTest" time="0.147"/>
  <testcase name="testGroupBy" classname="asia.curtis.dao.BookDaoTest" time="0.028"/>
  <testcase name="testDelete" classname="asia.curtis.dao.BookDaoTest" time="0.004"/>
  <testcase name="testGetAll" classname="asia.curtis.dao.BookDaoTest" time="0.006"/>
  <testcase name="testUpdate" classname="asia.curtis.dao.BookDaoTest" time="0.005"/>
</testsuite>